Run attempt at Thu 01/22/2026 21:30:17.90 
Run attempt at Thu 01/22/2026 21:38:54.93 
Run attempt at Thu 01/22/2026 21:40:18.17 
Run attempt at Thu 01/22/2026 21:53:02.65 
Run attempt at Fri 01/23/2026  5:15:14.28 
Run attempt at Sat 01/24/2026  5:15:16.55 
Run attempt at Sun 01/25/2026  5:15:19.33 
Run attempt at Mon 01/26/2026  5:16:09.44 
Run attempt at Tue 01/27/2026  5:15:16.18 
Run attempt at Wed 01/28/2026  5:15:18.87 
Run attempt at Thu 01/29/2026  5:15:23.30 
Run attempt at Fri 01/30/2026  5:15:19.61 
Run attempt at Sat 01/31/2026  5:15:18.03 
Run attempt at Sun 02/01/2026  5:16:14.84 
Run attempt at Mon 02/02/2026  5:16:16.47 
Run attempt at Tue 02/03/2026  5:15:18.15 
Run attempt at Wed 02/04/2026  5:16:11.83 
Run attempt at Thu 02/05/2026  5:15:21.86 
Run attempt at Fri 02/06/2026  5:15:18.27 
Run attempt at Sat 02/07/2026  5:15:18.06 
Run attempt at Sun 02/08/2026  5:15:21.68 
Run attempt at Mon 02/09/2026  5:16:09.80 
Run attempt at Tue 02/10/2026  5:15:23.10 
Run attempt at Wed 02/11/2026  5:15:14.68 
Run attempt at Thu 02/12/2026  5:15:20.21 
========================================== 
Run started at Thu 02/19/2026 14:45:58.74 
Connecting to Bloomberg Terminal...
Connected.

Tickers to fetch: ['UXG26 Index', 'VIX US 02/18/26 C20 Index', 'VIX US 02/18/26 C25 Index', 'UXH26 Index', 'VIX US 03/18/26 C20 Index', 'VIX US 03/18/26 C25 Index', 'VIX US 03/18/26 C40 Index']
Fetching history for 7 tickers from 20251001...
Processing data...
Traceback (most recent call last):
  File "C:\Users\Admin\Desktop\joe\VIX dashboard\vix_data_fetcher.py", line 399, in main
    print(f"\n\u2705 Success! Data saved to {CSV_PATH}")
  File "C:\Python311\Lib\encodings\cp1252.py", line 19, in encode
    return codecs.charmap_encode(input,self.errors,encoding_table)[0]
           ^^^^^^^^^^^^^^^^^^^^^^^^^^^^^^^^^^^^^^^^^^^^^^^^^^^^^^^
UnicodeEncodeError: 'charmap' codec can't encode character '\u2705' in position 2: character maps to <undefined>

During handling of the above exception, another exception occurred:

Traceback (most recent call last):
  File "C:\Users\Admin\Desktop\joe\VIX dashboard\vix_data_fetcher.py", line 436, in <module>
    main()
  File "C:\Users\Admin\Desktop\joe\VIX dashboard\vix_data_fetcher.py", line 431, in main
    print(f"\u274c Error: {e}")
  File "C:\Python311\Lib\encodings\cp1252.py", line 19, in encode
    return codecs.charmap_encode(input,self.errors,encoding_table)[0]
           ^^^^^^^^^^^^^^^^^^^^^^^^^^^^^^^^^^^^^^^^^^^^^^^^^^^^^^^
UnicodeEncodeError: 'charmap' codec can't encode character '\u274c' in position 0: character maps to <undefined>
Run finished at Thu 02/19/2026 14:46:08.49 
========================================== 
========================================== 
Run started at Thu 02/19/2026 14:48:16.86 
Connecting to Bloomberg Terminal...
Connected.

Tickers to fetch: ['UXG26 Index', 'VIX US 02/18/26 C20 Index', 'VIX US 02/18/26 C25 Index', 'UXH26 Index', 'VIX US 03/18/26 C20 Index', 'VIX US 03/18/26 C25 Index', 'VIX US 03/18/26 C40 Index']
Fetching history for 7 tickers from 20251001...
Processing data...

âœ… Success! Data saved to vix_spread_data.csv
   Total Days: 97

   Latest data point:
   Date: 2026-02-19

   Feb 2026 (C20/C25):
     VIX Futures (UXG26 Index): 0.00
     Long (C20): 0.00
     Short (C25): 0.00
     Spread: nan

   Mar 2026 (C20/C25):
     VIX Futures (UXH26 Index): 20.15
     Long (C20): 2.23
     Short (C25): 1.31
     Spread: 0.92
     Futures distance to C20: +0.15
     Futures distance to C25: -4.85

   Mar 2026 20-40 (C20/C40):
     VIX Futures (UXH26 Index): 20.15
     Long (C20): 2.23
     Short (C40): 0.53
     Spread: 1.70
     Futures distance to C20: +0.15
     Futures distance to C40: -19.85

ðŸš€ Starting Git Push for vix_spread_data.csv...
   CWD: C:\Users\Admin\Desktop\joe\VIX dashboard
   File exists: True
   Git repo: .git
   Git status: M auto_run.bat
 M fetch_log.txt
 M vix_spread_data.csv
   âœ“ git add OK
   âœ“ git commit OK: [main 4fa17a1] Auto-update VIX Data: 2026-02-19 14:48:19
 1 file changed, 4 insertions(+), 1 deletion(-)
âœ… Successfully pushed to GitHub!
Run finished at Thu 02/19/2026 14:48:21.74 
========================================== 
========================================== 
Run started at Thu 02/19/2026 18:17:43.38 
Connecting to Bloomberg Terminal...
Connected.

Tickers to fetch: ['UXG26 Index', 'VIX US 02/18/26 C20 Index', 'VIX US 02/18/26 C25 Index', 'UXH26 Index', 'VIX US 03/18/26 C20 Index', 'VIX US 03/18/26 C25 Index', 'VIX US 03/18/26 C40 Index']
Fetching history for 7 tickers from 20251001...
Processing data...

âœ… Success! Data saved to vix_spread_data.csv
   Total Days: 97

   Latest data point:
   Date: 2026-02-19

   Feb 2026 (C20/C25):
     VIX Futures (UXG26 Index): 0.00
     Long (C20): 0.00
     Short (C25): 0.00
     Spread: nan

   Mar 2026 (C20/C25):
     VIX Futures (UXH26 Index): 20.50
     Long (C20): 2.48
     Short (C25): 1.27
     Spread: 1.21
     Futures distance to C20: +0.50
     Futures distance to C25: -4.50

   Mar 2026 20-40 (C20/C40):
     VIX Futures (UXH26 Index): 20.50
     Long (C20): 2.48
     Short (C40): 0.58
     Spread: 1.90
     Futures distance to C20: +0.50
     Futures distance to C40: -19.50

ðŸš€ Starting Git Push for vix_spread_data.csv...
   CWD: C:\Users\Admin\Desktop\joe\VIX dashboard
   File exists: True
   Git repo: .git
   Git status: M fetch_log.txt
 M vix_spread_data.csv
   âœ“ git add OK
   âœ“ git commit OK: [main e5f807a] Auto-update VIX Data: 2026-02-19 18:17:46
 1 file changed, 1 insertion(+), 1 deletion(-)
âœ… Successfully pushed to GitHub!
Run finished at Thu 02/19/2026 18:17:48.32 
========================================== 
